# JRE version: OpenJDK Runtime Environment (8.0_152-b02) (build 1.8.0_152-release-1024-b02)
# Java VM: OpenJDK 64-Bit Server VM (25.152-b02 mixed mode windows-amd64 compressed oops)
Heap:
 PSYoungGen      total 72704K, used 16557K [0x00000000eab00000, 0x00000000ef900000, 0x0000000100000000)
  eden space 65536K, 25% used [0x00000000eab00000,0x00000000ebb2b430,0x00000000eeb00000)
  from space 7168K, 0% used [0x00000000ef200000,0x00000000ef200000,0x00000000ef900000)
  to   space 7168K, 0% used [0x00000000eeb00000,0x00000000eeb00000,0x00000000ef200000)
 ParOldGen       total 34304K, used 8887K [0x00000000c0000000, 0x00000000c2180000, 0x00000000eab00000)
  object space 34304K, 25% used [0x00000000c0000000,0x00000000c08ade38,0x00000000c2180000)
 Metaspace       used 22708K, capacity 23220K, committed 23552K, reserved 1069056K
  class space    used 3080K, capacity 3237K, committed 3328K, reserved 1048576K
GC Heap History (10 events):
Event: 7.554 GC heap before
{Heap before GC invocations=5 (full 0):
 PSYoungGen      total 18944K, used 18912K [0x00000000eab00000, 0x00000000ec000000, 0x0000000100000000)
  eden space 16384K, 100% used [0x00000000eab00000,0x00000000ebb00000,0x00000000ebb00000)
  from space 2560K, 98% used [0x00000000ebd80000,0x00000000ebff8020,0x00000000ec000000)
  to   space 2560K, 0% used [0x00000000ebb00000,0x00000000ebb00000,0x00000000ebd80000)
 ParOldGen       total 44032K, used 2946K [0x00000000c0000000, 0x00000000c2b00000, 0x00000000eab00000)
  object space 44032K, 6% used [0x00000000c0000000,0x00000000c02e0958,0x00000000c2b00000)
 Metaspace       used 13044K, capacity 13426K, committed 13568K, reserved 1060864K
  class space    used 1776K, capacity 1929K, committed 2048K, reserved 1048576K
Event: 7.577 GC heap after
Heap after GC invocations=5 (full 0):
 PSYoungGen      total 18944K, used 2544K [0x00000000eab00000, 0x00000000ed600000, 0x0000000100000000)
  eden space 16384K, 0% used [0x00000000eab00000,0x00000000eab00000,0x00000000ebb00000)
  from space 2560K, 99% used [0x00000000ebb00000,0x00000000ebd7c010,0x00000000ebd80000)
  to   space 5632K, 0% used [0x00000000ed080000,0x00000000ed080000,0x00000000ed600000)
 ParOldGen       total 44032K, used 4750K [0x00000000c0000000, 0x00000000c2b00000, 0x00000000eab00000)
  object space 44032K, 10% used [0x00000000c0000000,0x00000000c04a3998,0x00000000c2b00000)
 Metaspace       used 13044K, capacity 13426K, committed 13568K, reserved 1060864K
  class space    used 1776K, capacity 1929K, committed 2048K, reserved 1048576K
}
Event: 8.310 GC heap before
{Heap before GC invocations=6 (full 0):
 PSYoungGen      total 18944K, used 18928K [0x00000000eab00000, 0x00000000ed600000, 0x0000000100000000)
  eden space 16384K, 100% used [0x00000000eab00000,0x00000000ebb00000,0x00000000ebb00000)
  from space 2560K, 99% used [0x00000000ebb00000,0x00000000ebd7c010,0x00000000ebd80000)
  to   space 5632K, 0% used [0x00000000ed080000,0x00000000ed080000,0x00000000ed600000)
 ParOldGen       total 44032K, used 4750K [0x00000000c0000000, 0x00000000c2b00000, 0x00000000eab00000)
  object space 44032K, 10% used [0x00000000c0000000,0x00000000c04a3998,0x00000000c2b00000)
 Metaspace       used 14508K, capacity 14806K, committed 14976K, reserved 1062912K
  class space    used 2026K, capacity 2155K, committed 2176K, reserved 1048576K
Event: 8.346 GC heap after
Heap after GC invocations=6 (full 0):
 PSYoungGen      total 38400K, used 4522K [0x00000000eab00000, 0x00000000ed600000, 0x0000000100000000)
  eden space 32768K, 0% used [0x00000000eab00000,0x00000000eab00000,0x00000000ecb00000)
  from space 5632K, 80% used [0x00000000ed080000,0x00000000ed4eab78,0x00000000ed600000)
  to   space 5632K, 0% used [0x00000000ecb00000,0x00000000ecb00000,0x00000000ed080000)
 ParOldGen       total 44032K, used 4750K [0x00000000c0000000, 0x00000000c2b00000, 0x00000000eab00000)
  object space 44032K, 10% used [0x00000000c0000000,0x00000000c04a3998,0x00000000c2b00000)
 Metaspace       used 14508K, capacity 14806K, committed 14976K, reserved 1062912K
  class space    used 2026K, capacity 2155K, committed 2176K, reserved 1048576K
}
Event: 10.721 GC heap before
{Heap before GC invocations=7 (full 0):
 PSYoungGen      total 38400K, used 37290K [0x00000000eab00000, 0x00000000ed600000, 0x0000000100000000)
  eden space 32768K, 100% used [0x00000000eab00000,0x00000000ecb00000,0x00000000ecb00000)
  from space 5632K, 80% used [0x00000000ed080000,0x00000000ed4eab78,0x00000000ed600000)
  to   space 5632K, 0% used [0x00000000ecb00000,0x00000000ecb00000,0x00000000ed080000)
 ParOldGen       total 44032K, used 4750K [0x00000000c0000000, 0x00000000c2b00000, 0x00000000eab00000)
  object space 44032K, 10% used [0x00000000c0000000,0x00000000c04a3998,0x00000000c2b00000)
 Metaspace       used 17775K, capacity 18160K, committed 18304K, reserved 1064960K
  class space    used 2551K, capacity 2686K, committed 2688K, reserved 1048576K
Event: 10.736 GC heap after
Heap after GC invocations=7 (full 0):
 PSYoungGen      total 38400K, used 5616K [0x00000000eab00000, 0x00000000ef900000, 0x0000000100000000)
  eden space 32768K, 0% used [0x00000000eab00000,0x00000000eab00000,0x00000000ecb00000)
  from space 5632K, 99% used [0x00000000ecb00000,0x00000000ed07c258,0x00000000ed080000)
  to   space 7168K, 0% used [0x00000000ef200000,0x00000000ef200000,0x00000000ef900000)
 ParOldGen       total 44032K, used 6200K [0x00000000c0000000, 0x00000000c2b00000, 0x00000000eab00000)
  object space 44032K, 14% used [0x00000000c0000000,0x00000000c060e310,0x00000000c2b00000)
 Metaspace       used 17775K, capacity 18160K, committed 18304K, reserved 1064960K
  class space    used 2551K, capacity 2686K, committed 2688K, reserved 1048576K
}
Event: 11.491 GC heap before
{Heap before GC invocations=8 (full 0):
 PSYoungGen      total 38400K, used 18712K [0x00000000eab00000, 0x00000000ef900000, 0x0000000100000000)
  eden space 32768K, 39% used [0x00000000eab00000,0x00000000eb7c9fa8,0x00000000ecb00000)
  from space 5632K, 99% used [0x00000000ecb00000,0x00000000ed07c258,0x00000000ed080000)
  to   space 7168K, 0% used [0x00000000ef200000,0x00000000ef200000,0x00000000ef900000)
 ParOldGen       total 44032K, used 6200K [0x00000000c0000000, 0x00000000c2b00000, 0x00000000eab00000)
  object space 44032K, 14% used [0x00000000c0000000,0x00000000c060e310,0x00000000c2b00000)
 Metaspace       used 20869K, capacity 21200K, committed 21248K, reserved 1067008K
  class space    used 2908K, capacity 3038K, committed 3072K, reserved 1048576K
Event: 11.509 GC heap after
Heap after GC invocations=8 (full 0):
 PSYoungGen      total 72704K, used 4990K [0x00000000eab00000, 0x00000000ef900000, 0x0000000100000000)
  eden space 65536K, 0% used [0x00000000eab00000,0x00000000eab00000,0x00000000eeb00000)
  from space 7168K, 69% used [0x00000000ef200000,0x00000000ef6dfba0,0x00000000ef900000)
  to   space 7168K, 0% used [0x00000000eeb00000,0x00000000eeb00000,0x00000000ef200000)
 ParOldGen       total 44032K, used 7272K [0x00000000c0000000, 0x00000000c2b00000, 0x00000000eab00000)
  object space 44032K, 16% used [0x00000000c0000000,0x00000000c071a3a0,0x00000000c2b00000)
 Metaspace       used 20869K, capacity 21200K, committed 21248K, reserved 1067008K
  class space    used 2908K, capacity 3038K, committed 3072K, reserved 1048576K
}
Event: 11.509 GC heap before
{Heap before GC invocations=9 (full 1):
 PSYoungGen      total 72704K, used 4990K [0x00000000eab00000, 0x00000000ef900000, 0x0000000100000000)
  eden space 65536K, 0% used [0x00000000eab00000,0x00000000eab00000,0x00000000eeb00000)
  from space 7168K, 69% used [0x00000000ef200000,0x00000000ef6dfba0,0x00000000ef900000)
  to   space 7168K, 0% used [0x00000000eeb00000,0x00000000eeb00000,0x00000000ef200000)
 ParOldGen       total 44032K, used 7272K [0x00000000c0000000, 0x00000000c2b00000, 0x00000000eab00000)
  object space 44032K, 16% used [0x00000000c0000000,0x00000000c071a3a0,0x00000000c2b00000)
 Metaspace       used 20869K, capacity 21200K, committed 21248K, reserved 1067008K
  class space    used 2908K, capacity 3038K, committed 3072K, reserved 1048576K
Event: 11.624 GC heap after
Heap after GC invocations=9 (full 1):
 PSYoungGen      total 72704K, used 0K [0x00000000eab00000, 0x00000000ef900000, 0x0000000100000000)
  eden space 65536K, 0% used [0x00000000eab00000,0x00000000eab00000,0x00000000eeb00000)
  from space 7168K, 0% used [0x00000000ef200000,0x00000000ef200000,0x00000000ef900000)
  to   space 7168K, 0% used [0x00000000eeb00000,0x00000000eeb00000,0x00000000ef200000)
 ParOldGen       total 34304K, used 8887K [0x00000000c0000000, 0x00000000c2180000, 0x00000000eab00000)
  object space 34304K, 25% used [0x00000000c0000000,0x00000000c08ade38,0x00000000c2180000)
 Metaspace       used 20869K, capacity 21200K, committed 21248K, reserved 1067008K
  class space    used 2908K, capacity 3038K, committed 3072K, reserved 1048576K
}

