# JRE version: OpenJDK Runtime Environment (8.0_152-b02) (build 1.8.0_152-release-1024-b02)
# Java VM: OpenJDK 64-Bit Server VM (25.152-b02 mixed mode windows-amd64 compressed oops)
Heap:
 PSYoungGen      total 136192K, used 48405K [0x00000000eab00000, 0x00000000f4400000, 0x0000000100000000)
  eden space 127488K, 37% used [0x00000000eab00000,0x00000000eda45458,0x00000000f2780000)
  from space 8704K, 0% used [0x00000000f2780000,0x00000000f2780000,0x00000000f3000000)
  to   space 11776K, 0% used [0x00000000f3880000,0x00000000f3880000,0x00000000f4400000)
 ParOldGen       total 57856K, used 19130K [0x00000000c0000000, 0x00000000c3880000, 0x00000000eab00000)
  object space 57856K, 33% used [0x00000000c0000000,0x00000000c12ae8b8,0x00000000c3880000)
 Metaspace       used 36743K, capacity 37422K, committed 37632K, reserved 1081344K
  class space    used 5028K, capacity 5265K, committed 5376K, reserved 1048576K
GC Heap History (10 events):
Event: 19.257 GC heap before
{Heap before GC invocations=7 (full 0):
 PSYoungGen      total 71168K, used 20685K [0x00000000eab00000, 0x00000000efa00000, 0x0000000100000000)
  eden space 64512K, 21% used [0x00000000eab00000,0x00000000eb8b5ed0,0x00000000eea00000)
  from space 6656K, 99% used [0x00000000ef180000,0x00000000ef7fd810,0x00000000ef800000)
  to   space 7680K, 0% used [0x00000000eea00000,0x00000000eea00000,0x00000000ef180000)
 ParOldGen       total 44032K, used 6608K [0x00000000c0000000, 0x00000000c2b00000, 0x00000000eab00000)
  object space 44032K, 15% used [0x00000000c0000000,0x00000000c0674160,0x00000000c2b00000)
 Metaspace       used 20815K, capacity 21200K, committed 21248K, reserved 1067008K
  class space    used 2901K, capacity 3038K, committed 3072K, reserved 1048576K
Event: 19.274 GC heap after
Heap after GC invocations=7 (full 0):
 PSYoungGen      total 72192K, used 5571K [0x00000000eab00000, 0x00000000f3900000, 0x0000000100000000)
  eden space 64512K, 0% used [0x00000000eab00000,0x00000000eab00000,0x00000000eea00000)
  from space 7680K, 72% used [0x00000000eea00000,0x00000000eef70cb8,0x00000000ef180000)
  to   space 8192K, 0% used [0x00000000f3100000,0x00000000f3100000,0x00000000f3900000)
 ParOldGen       total 44032K, used 7489K [0x00000000c0000000, 0x00000000c2b00000, 0x00000000eab00000)
  object space 44032K, 17% used [0x00000000c0000000,0x00000000c0750738,0x00000000c2b00000)
 Metaspace       used 20815K, capacity 21200K, committed 21248K, reserved 1067008K
  class space    used 2901K, capacity 3038K, committed 3072K, reserved 1048576K
}
Event: 19.274 GC heap before
{Heap before GC invocations=8 (full 1):
 PSYoungGen      total 72192K, used 5571K [0x00000000eab00000, 0x00000000f3900000, 0x0000000100000000)
  eden space 64512K, 0% used [0x00000000eab00000,0x00000000eab00000,0x00000000eea00000)
  from space 7680K, 72% used [0x00000000eea00000,0x00000000eef70cb8,0x00000000ef180000)
  to   space 8192K, 0% used [0x00000000f3100000,0x00000000f3100000,0x00000000f3900000)
 ParOldGen       total 44032K, used 7489K [0x00000000c0000000, 0x00000000c2b00000, 0x00000000eab00000)
  object space 44032K, 17% used [0x00000000c0000000,0x00000000c0750738,0x00000000c2b00000)
 Metaspace       used 20815K, capacity 21200K, committed 21248K, reserved 1067008K
  class space    used 2901K, capacity 3038K, committed 3072K, reserved 1048576K
Event: 19.415 GC heap after
Heap after GC invocations=8 (full 1):
 PSYoungGen      total 72192K, used 0K [0x00000000eab00000, 0x00000000f3900000, 0x0000000100000000)
  eden space 64512K, 0% used [0x00000000eab00000,0x00000000eab00000,0x00000000eea00000)
  from space 7680K, 0% used [0x00000000eea00000,0x00000000eea00000,0x00000000ef180000)
  to   space 8192K, 0% used [0x00000000f3100000,0x00000000f3100000,0x00000000f3900000)
 ParOldGen       total 37376K, used 10453K [0x00000000c0000000, 0x00000000c2480000, 0x00000000eab00000)
  object space 37376K, 27% used [0x00000000c0000000,0x00000000c0a35670,0x00000000c2480000)
 Metaspace       used 20815K, capacity 21200K, committed 21248K, reserved 1067008K
  class space    used 2901K, capacity 3038K, committed 3072K, reserved 1048576K
}
Event: 24.229 GC heap before
{Heap before GC invocations=9 (full 1):
 PSYoungGen      total 72192K, used 64512K [0x00000000eab00000, 0x00000000f3900000, 0x0000000100000000)
  eden space 64512K, 100% used [0x00000000eab00000,0x00000000eea00000,0x00000000eea00000)
  from space 7680K, 0% used [0x00000000eea00000,0x00000000eea00000,0x00000000ef180000)
  to   space 8192K, 0% used [0x00000000f3100000,0x00000000f3100000,0x00000000f3900000)
 ParOldGen       total 37376K, used 10453K [0x00000000c0000000, 0x00000000c2480000, 0x00000000eab00000)
  object space 37376K, 27% used [0x00000000c0000000,0x00000000c0a35670,0x00000000c2480000)
 Metaspace       used 26624K, capacity 27120K, committed 27136K, reserved 1073152K
  class space    used 3667K, capacity 3829K, committed 3840K, reserved 1048576K
Event: 24.257 GC heap after
Heap after GC invocations=9 (full 1):
 PSYoungGen      total 109056K, used 7195K [0x00000000eab00000, 0x00000000f3880000, 0x0000000100000000)
  eden space 101376K, 0% used [0x00000000eab00000,0x00000000eab00000,0x00000000f0e00000)
  from space 7680K, 93% used [0x00000000f3100000,0x00000000f3806fb8,0x00000000f3880000)
  to   space 8704K, 0% used [0x00000000f2780000,0x00000000f2780000,0x00000000f3000000)
 ParOldGen       total 37376K, used 10461K [0x00000000c0000000, 0x00000000c2480000, 0x00000000eab00000)
  object space 37376K, 27% used [0x00000000c0000000,0x00000000c0a37670,0x00000000c2480000)
 Metaspace       used 26624K, capacity 27120K, committed 27136K, reserved 1073152K
  class space    used 3667K, capacity 3829K, committed 3840K, reserved 1048576K
}
Event: 42.376 GC heap before
{Heap before GC invocations=10 (full 1):
 PSYoungGen      total 109056K, used 96289K [0x00000000eab00000, 0x00000000f3880000, 0x0000000100000000)
  eden space 101376K, 87% used [0x00000000eab00000,0x00000000f02016b0,0x00000000f0e00000)
  from space 7680K, 93% used [0x00000000f3100000,0x00000000f3806fb8,0x00000000f3880000)
  to   space 8704K, 0% used [0x00000000f2780000,0x00000000f2780000,0x00000000f3000000)
 ParOldGen       total 37376K, used 10461K [0x00000000c0000000, 0x00000000c2480000, 0x00000000eab00000)
  object space 37376K, 27% used [0x00000000c0000000,0x00000000c0a37670,0x00000000c2480000)
 Metaspace       used 34716K, capacity 35246K, committed 35416K, reserved 1079296K
  class space    used 4781K, capacity 4967K, committed 4992K, reserved 1048576K
Event: 42.427 GC heap after
Heap after GC invocations=10 (full 1):
 PSYoungGen      total 136192K, used 8701K [0x00000000eab00000, 0x00000000f4400000, 0x0000000100000000)
  eden space 127488K, 0% used [0x00000000eab00000,0x00000000eab00000,0x00000000f2780000)
  from space 8704K, 99% used [0x00000000f2780000,0x00000000f2fff738,0x00000000f3000000)
  to   space 11776K, 0% used [0x00000000f3880000,0x00000000f3880000,0x00000000f4400000)
 ParOldGen       total 37376K, used 14605K [0x00000000c0000000, 0x00000000c2480000, 0x00000000eab00000)
  object space 37376K, 39% used [0x00000000c0000000,0x00000000c0e43548,0x00000000c2480000)
 Metaspace       used 34716K, capacity 35246K, committed 35416K, reserved 1079296K
  class space    used 4781K, capacity 4967K, committed 4992K, reserved 1048576K
}
Event: 42.427 GC heap before
{Heap before GC invocations=11 (full 2):
 PSYoungGen      total 136192K, used 8701K [0x00000000eab00000, 0x00000000f4400000, 0x0000000100000000)
  eden space 127488K, 0% used [0x00000000eab00000,0x00000000eab00000,0x00000000f2780000)
  from space 8704K, 99% used [0x00000000f2780000,0x00000000f2fff738,0x00000000f3000000)
  to   space 11776K, 0% used [0x00000000f3880000,0x00000000f3880000,0x00000000f4400000)
 ParOldGen       total 37376K, used 14605K [0x00000000c0000000, 0x00000000c2480000, 0x00000000eab00000)
  object space 37376K, 39% used [0x00000000c0000000,0x00000000c0e43548,0x00000000c2480000)
 Metaspace       used 34716K, capacity 35246K, committed 35416K, reserved 1079296K
  class space    used 4781K, capacity 4967K, committed 4992K, reserved 1048576K
Event: 42.604 GC heap after
Heap after GC invocations=11 (full 2):
 PSYoungGen      total 136192K, used 0K [0x00000000eab00000, 0x00000000f4400000, 0x0000000100000000)
  eden space 127488K, 0% used [0x00000000eab00000,0x00000000eab00000,0x00000000f2780000)
  from space 8704K, 0% used [0x00000000f2780000,0x00000000f2780000,0x00000000f3000000)
  to   space 11776K, 0% used [0x00000000f3880000,0x00000000f3880000,0x00000000f4400000)
 ParOldGen       total 57856K, used 19130K [0x00000000c0000000, 0x00000000c3880000, 0x00000000eab00000)
  object space 57856K, 33% used [0x00000000c0000000,0x00000000c12ae8b8,0x00000000c3880000)
 Metaspace       used 34716K, capacity 35246K, committed 35416K, reserved 1079296K
  class space    used 4781K, capacity 4967K, committed 4992K, reserved 1048576K
}

